<?xml version="1.0" encoding="UTF-8"?>
<!-- Generated by org.testng.reporters.JUnitReportReporter -->
<testsuite hostname="LAPTOP-T4IQHL1C" failures="0" tests="1" name="com.ilab.selenium_Assessment.Delete" time="12.077" errors="0" timestamp="2022-01-31T14:14:20 SAST" skipped="0">
  <testcase classname="com.ilab.selenium_Assessment.Delete" name="delete" time="12.077"/>
  <system-out/>
</testsuite> <!-- com.ilab.selenium_Assessment.Delete -->
