<?xml version="1.0" encoding="UTF-8"?>
<!-- Generated by org.testng.reporters.JUnitReportReporter -->
<testsuite hostname="LAPTOP-T4IQHL1C" failures="0" tests="4" name="com.ilab.selenium_Assessment.Login" time="7.405" errors="0" timestamp="2022-01-31T14:14:20 SAST" skipped="0">
  <testcase classname="com.ilab.selenium_Assessment.Login" name="logging_in" time="7.362"/>
  <system-out/>
  <testcase classname="com.ilab.selenium_Assessment.Login" name="dashboard" time="0.004"/>
  <system-out/>
  <testcase classname="com.ilab.selenium_Assessment.Login" name="AdminTab" time="0.021"/>
  <system-out/>
  <testcase classname="com.ilab.selenium_Assessment.Login" name="validateWelcomeAdmin" time="0.018"/>
  <system-out/>
</testsuite> <!-- com.ilab.selenium_Assessment.Login -->
